e:\repos\horus\x64\debug\vc143.pdb
e:\repos\horus\x64\debug\vc143.idb
e:\repos\horus\x64\debug\horus.obj
e:\repos\horus\x64\debug\player.obj
e:\repos\horus\x64\debug\game.obj
e:\repos\horus\x64\debug\sdl2d.dll
e:\repos\horus\x64\debug\sdl2_image.dll
e:\repos\horus\x64\debug\libpng16d.dll
e:\repos\horus\x64\debug\zlibd1.dll
e:\repos\horus\x64\debug\horus.exe
e:\repos\horus\x64\debug\horus.ilk
e:\repos\horus\x64\debug\horus.pdb
e:\repos\horus\x64\debug\animatedsprite.obj
e:\repos\horus\x64\debug\horus.tlog\cl.command.1.tlog
e:\repos\horus\x64\debug\horus.tlog\cl.read.1.tlog
e:\repos\horus\x64\debug\horus.tlog\cl.write.1.tlog
e:\repos\horus\x64\debug\horus.tlog\horus.write.1u.tlog
e:\repos\horus\x64\debug\horus.tlog\link.command.1.tlog
e:\repos\horus\x64\debug\horus.tlog\link.read.1.tlog
e:\repos\horus\x64\debug\horus.tlog\link.write.1.tlog
